  Expense.cpp
  ExpenseController.cpp
  Group.cpp
  SplitByPercentStrategy.cpp
c:\program files (x86)\microsoft visual studio\2017\professional\vc\tools\msvc\14.16.27023\include\utility(319): error C2079: 'std::pair<const _Kty,_Ty>::first' uses undefined class 'User'
          with
          [
              _Kty=User,
              _Ty=double
          ]
  c:\program files (x86)\microsoft visual studio\2017\professional\vc\tools\msvc\14.16.27023\include\vector(1849): note: see reference to class template instantiation 'std::pair<const _Kty,_Ty>' being compiled
          with
          [
              _Kty=User,
              _Ty=double
          ]
  c:\program files (x86)\microsoft visual studio\2017\professional\vc\tools\msvc\14.16.27023\include\vector(1848): note: while compiling class template member function 'void std::vector<std::_List_unchecked_iterator<std::_List_val<std::_List_simple_types<_Ty>>>,std::allocator<std::_List_unchecked_iterator<std::_List_val<std::_List_simple_types<_Ty>>>>>::_Destroy(std::_List_unchecked_iterator<std::_List_val<std::_List_simple_types<_Ty>>> *,std::_List_unchecked_iterator<std::_List_val<std::_List_simple_types<_Ty>>> *)'
          with
          [
              _Ty=std::pair<const User,double>
          ]
  c:\program files (x86)\microsoft visual studio\2017\professional\vc\tools\msvc\14.16.27023\include\vector(1915): note: see reference to function template instantiation 'void std::vector<std::_List_unchecked_iterator<std::_List_val<std::_List_simple_types<_Ty>>>,std::allocator<std::_List_unchecked_iterator<std::_List_val<std::_List_simple_types<_Ty>>>>>::_Destroy(std::_List_unchecked_iterator<std::_List_val<std::_List_simple_types<_Ty>>> *,std::_List_unchecked_iterator<std::_List_val<std::_List_simple_types<_Ty>>> *)' being compiled
          with
          [
              _Ty=std::pair<const User,double>
          ]
  c:\program files (x86)\microsoft visual studio\2017\professional\vc\tools\msvc\14.16.27023\include\xhash(1178): note: see reference to class template instantiation 'std::vector<std::_List_unchecked_iterator<std::_List_val<std::_List_simple_types<_Ty>>>,std::allocator<std::_List_unchecked_iterator<std::_List_val<std::_List_simple_types<_Ty>>>>>' being compiled
          with
          [
              _Ty=std::pair<const User,double>
          ]
  c:\program files (x86)\microsoft visual studio\2017\professional\vc\tools\msvc\14.16.27023\include\unordered_map(97): note: see reference to class template instantiation 'std::_Hash<std::_Umap_traits<_Kty,_Ty,std::_Uhash_compare<_Kty,_Hasher,_Keyeq>,_Alloc,false>>' being compiled
          with
          [
              _Kty=User,
              _Ty=double,
              _Hasher=std::hash<User>,
              _Keyeq=std::equal_to<User>,
              _Alloc=std::allocator<std::pair<const User,double>>
          ]
  c:\utility\splitwise\splitwise\splitbypercentstrategy.h(8): note: see reference to class template instantiation 'std::unordered_map<User,double,std::hash<_Kty>,std::equal_to<_Kty>,std::allocator<std::pair<const _Kty,_Ty>>>' being compiled
          with
          [
              _Kty=User,
              _Ty=double
          ]
  SplitWise.cpp
  User.cpp
  UserController.cpp
  UserException.cpp
